Restore Archived Project report for nios2_quartus2_project
Fri Nov 29 16:42:03 2019
Quartus Prime Version 18.1.0 Build 625 09/12/2018 SJ Standard Edition


---------------------
; Table of Contents ;
---------------------
  1. Legal Notice
  2. Restore Archived Project Summary
  3. Restore Archived Project Messages
  4. Files Restored
  5. Files Not Restored



----------------
; Legal Notice ;
----------------
Copyright (C) 2018  Intel Corporation. All rights reserved.
Your use of Intel Corporation's design tools, logic functions 
and other software and tools, and its AMPP partner logic 
functions, and any output files from any of the foregoing 
(including device programming or simulation files), and any 
associated documentation or information are expressly subject 
to the terms and conditions of the Intel Program License 
Subscription Agreement, the Intel Quartus Prime License Agreement,
the Intel FPGA IP License Agreement, or other applicable license
agreement, including, without limitation, that your use is for
the sole purpose of programming logic devices manufactured by
Intel and sold by Intel or its authorized distributors.  Please
refer to the applicable agreement for further details.



+-------------------------------------------------------------------------+
; Restore Archived Project Summary                                        ;
+---------------------------------+---------------------------------------+
; Restore Archived Project Status ; Successful - Fri Nov 29 16:42:03 2019 ;
; Revision Name                   ; nios2_quartus2_project                ;
; Top-level Entity Name           ; nios2_quartus2_project                ;
; Family                          ; Cyclone IV E                          ;
+---------------------------------+---------------------------------------+


+-----------------------------------+
; Restore Archived Project Messages ;
+-----------------------------------+
Info: Successfully restored '/home/aluno/Downloads/nios2_quartus2_project.qar' into the '/home/aluno/Downloads/nios2_quartus2_project_restored/' directory
Info: Generated report 'nios2_quartus2_project.restore.rpt'
Info (23030): Evaluation of Tcl script /opt/intelFPGA/18.1/quartus/common/tcl/apps/qpm/qar.tcl was successful
Info: Quartus Prime Shell was successful. 0 errors, 0 warnings
    Info: Peak virtual memory: 1058 megabytes
    Info: Processing ended: Fri Nov 29 16:42:03 2019
    Info: Elapsed time: 00:00:01
    Info: Total CPU time (on all processors): 00:00:00


+-------------------------------------------------------------------------------------------------------------------+
; Files Restored                                                                                                    ;
+-------------------------------------------------------------------------------------------------------------------+
; File Name                                                                                                         ;
+-------------------------------------------------------------------------------------------------------------------+
; qar_info.json                                                                                                     ;
; SDC1.sdc                                                                                                          ;
; first_nios2_system.qsys                                                                                           ;
; first_nios2_system.sopcinfo                                                                                       ;
; first_nios2_system/first_nios2_system.bsf                                                                         ;
; first_nios2_system/first_nios2_system.cmp                                                                         ;
; first_nios2_system/first_nios2_system.html                                                                        ;
; first_nios2_system/first_nios2_system.xml                                                                         ;
; first_nios2_system/first_nios2_system_bb.v                                                                        ;
; first_nios2_system/first_nios2_system_generation.rpt                                                              ;
; first_nios2_system/first_nios2_system_generation_previous.rpt                                                     ;
; first_nios2_system/first_nios2_system_inst.v                                                                      ;
; first_nios2_system/first_nios2_system_inst.vhd                                                                    ;
; first_nios2_system/synthesis/first_nios2_system.debuginfo                                                         ;
; first_nios2_system/synthesis/first_nios2_system.qip                                                               ;
; first_nios2_system/synthesis/first_nios2_system.regmap                                                            ;
; first_nios2_system/synthesis/first_nios2_system.vhd                                                               ;
; first_nios2_system/synthesis/submodules/altera_avalon_sc_fifo.v                                                   ;
; first_nios2_system/synthesis/submodules/altera_avalon_st_pipeline_base.v                                          ;
; first_nios2_system/synthesis/submodules/altera_merlin_arbitrator.sv                                               ;
; first_nios2_system/synthesis/submodules/altera_merlin_burst_uncompressor.sv                                       ;
; first_nios2_system/synthesis/submodules/altera_merlin_master_agent.sv                                             ;
; first_nios2_system/synthesis/submodules/altera_merlin_master_translator.sv                                        ;
; first_nios2_system/synthesis/submodules/altera_merlin_reorder_memory.sv                                           ;
; first_nios2_system/synthesis/submodules/altera_merlin_slave_agent.sv                                              ;
; first_nios2_system/synthesis/submodules/altera_merlin_slave_translator.sv                                         ;
; first_nios2_system/synthesis/submodules/altera_merlin_traffic_limiter.sv                                          ;
; first_nios2_system/synthesis/submodules/altera_reset_controller.sdc                                               ;
; first_nios2_system/synthesis/submodules/altera_reset_controller.v                                                 ;
; first_nios2_system/synthesis/submodules/altera_reset_synchronizer.v                                               ;
; first_nios2_system/synthesis/submodules/first_nios2_system_cpu.ocp                                                ;
; first_nios2_system/synthesis/submodules/first_nios2_system_cpu.sdc                                                ;
; first_nios2_system/synthesis/submodules/first_nios2_system_cpu.v                                                  ;
; first_nios2_system/synthesis/submodules/first_nios2_system_cpu_ic_tag_ram.mif                                     ;
; first_nios2_system/synthesis/submodules/first_nios2_system_cpu_jtag_debug_module_sysclk.v                         ;
; first_nios2_system/synthesis/submodules/first_nios2_system_cpu_jtag_debug_module_tck.v                            ;
; first_nios2_system/synthesis/submodules/first_nios2_system_cpu_jtag_debug_module_wrapper.v                        ;
; first_nios2_system/synthesis/submodules/first_nios2_system_cpu_oci_test_bench.v                                   ;
; first_nios2_system/synthesis/submodules/first_nios2_system_cpu_ociram_default_contents.mif                        ;
; first_nios2_system/synthesis/submodules/first_nios2_system_cpu_rf_ram_a.mif                                       ;
; first_nios2_system/synthesis/submodules/first_nios2_system_cpu_rf_ram_b.mif                                       ;
; first_nios2_system/synthesis/submodules/first_nios2_system_cpu_test_bench.v                                       ;
; first_nios2_system/synthesis/submodules/first_nios2_system_irq_mapper.sv                                          ;
; first_nios2_system/synthesis/submodules/first_nios2_system_jtag_uart.v                                            ;
; first_nios2_system/synthesis/submodules/first_nios2_system_led_pio.v                                              ;
; first_nios2_system/synthesis/submodules/first_nios2_system_mm_interconnect_0.v                                    ;
; first_nios2_system/synthesis/submodules/first_nios2_system_mm_interconnect_0_avalon_st_adapter.v                  ;
; first_nios2_system/synthesis/submodules/first_nios2_system_mm_interconnect_0_avalon_st_adapter_error_adapter_0.sv ;
; first_nios2_system/synthesis/submodules/first_nios2_system_mm_interconnect_0_cmd_demux.sv                         ;
; first_nios2_system/synthesis/submodules/first_nios2_system_mm_interconnect_0_cmd_demux_001.sv                     ;
; first_nios2_system/synthesis/submodules/first_nios2_system_mm_interconnect_0_cmd_mux.sv                           ;
; first_nios2_system/synthesis/submodules/first_nios2_system_mm_interconnect_0_cmd_mux_002.sv                       ;
; first_nios2_system/synthesis/submodules/first_nios2_system_mm_interconnect_0_router.sv                            ;
; first_nios2_system/synthesis/submodules/first_nios2_system_mm_interconnect_0_router_001.sv                        ;
; first_nios2_system/synthesis/submodules/first_nios2_system_mm_interconnect_0_router_002.sv                        ;
; first_nios2_system/synthesis/submodules/first_nios2_system_mm_interconnect_0_router_004.sv                        ;
; first_nios2_system/synthesis/submodules/first_nios2_system_mm_interconnect_0_rsp_demux.sv                         ;
; first_nios2_system/synthesis/submodules/first_nios2_system_mm_interconnect_0_rsp_demux_002.sv                     ;
; first_nios2_system/synthesis/submodules/first_nios2_system_mm_interconnect_0_rsp_mux.sv                           ;
; first_nios2_system/synthesis/submodules/first_nios2_system_mm_interconnect_0_rsp_mux_001.sv                       ;
; first_nios2_system/synthesis/submodules/first_nios2_system_onchip_mem.hex                                         ;
; first_nios2_system/synthesis/submodules/first_nios2_system_onchip_mem.v                                           ;
; first_nios2_system/synthesis/submodules/first_nios2_system_sw_pio.v                                               ;
; first_nios2_system/synthesis/submodules/first_nios2_system_sys_clk_timer.v                                        ;
; first_nios2_system/synthesis/submodules/first_nios2_system_sysid.v                                                ;
; hw_dev_tutorial.sdc                                                                                               ;
; nios2_quartus2_project.qpf                                                                                        ;
; nios2_quartus2_project.qsf                                                                                        ;
; nios2_quartus2_project.vhd                                                                                        ;
; nios2_quartus2_project_assignment_defaults.qdf                                                                    ;
; software.zip                                                                                                      ;
+-------------------------------------------------------------------------------------------------------------------+


+--------------------+
; Files Not Restored ;
+--------------------+
; File Name          ;
+--------------------+


