Info: Starting: Create block symbol file (.bsf)
Info: qsys-generate /media/sf_Data/IFSC/ownCloud/teaching/DLP2/src/niosII_hw_dev_tutorial_vhdl_aula/first_nios2_system.qsys --block-symbol-file --output-directory=/media/sf_Data/IFSC/ownCloud/teaching/DLP2/src/niosII_hw_dev_tutorial_vhdl_aula/first_nios2_system --family="Cyclone IV E" --part=EP4CE115F29C7
Progress: Loading niosII_hw_dev_tutorial_vhdl_aula/first_nios2_system.qsys
Progress: Reading input file
Progress: Adding clk_0 [clock_source 18.1]
Progress: Parameterizing module clk_0
Progress: Adding cpu [altera_nios2_qsys 16.1]
Progress: Parameterizing module cpu
Progress: Adding jtag_uart [altera_avalon_jtag_uart 18.1]
Progress: Parameterizing module jtag_uart
Progress: Adding led_pio [altera_avalon_pio 18.1]
Progress: Parameterizing module led_pio
Progress: Adding onchip_mem [altera_avalon_onchip_memory2 18.1]
Progress: Parameterizing module onchip_mem
Progress: Adding sw_pio [altera_avalon_pio 18.1]
Progress: Parameterizing module sw_pio
Progress: Adding sys_clk_timer [altera_avalon_timer 18.1]
Progress: Parameterizing module sys_clk_timer
Progress: Adding sysid [altera_avalon_sysid_qsys 18.1]
Progress: Parameterizing module sysid
Progress: Building connections
Progress: Parameterizing connections
Progress: Validating
Progress: Done reading input file
Warning: first_nios2_system.cpu: Nios II Classic cores are no longer recommended for new projects
Info: first_nios2_system.jtag_uart: JTAG UART IP input clock need to be at least double (2x) the operating frequency of JTAG TCK on board
Info: first_nios2_system.sw_pio: PIO inputs are not hardwired in test bench. Undefined values will be read from PIO inputs during simulation.
Info: first_nios2_system.sysid: System ID is not assigned automatically. Edit the System ID parameter to provide a unique ID
Info: first_nios2_system.sysid: Time stamp will be automatically updated when this component is generated.
Info: qsys-generate succeeded.
Info: Finished: Create block symbol file (.bsf)
Info: 
Info: Starting: Create HDL design files for synthesis
Info: qsys-generate /media/sf_Data/IFSC/ownCloud/teaching/DLP2/src/niosII_hw_dev_tutorial_vhdl_aula/first_nios2_system.qsys --synthesis=VHDL --output-directory=/media/sf_Data/IFSC/ownCloud/teaching/DLP2/src/niosII_hw_dev_tutorial_vhdl_aula/first_nios2_system/synthesis --family="Cyclone IV E" --part=EP4CE115F29C7
Progress: Loading niosII_hw_dev_tutorial_vhdl_aula/first_nios2_system.qsys
Progress: Reading input file
Progress: Adding clk_0 [clock_source 18.1]
Progress: Parameterizing module clk_0
Progress: Adding cpu [altera_nios2_qsys 16.1]
Progress: Parameterizing module cpu
Progress: Adding jtag_uart [altera_avalon_jtag_uart 18.1]
Progress: Parameterizing module jtag_uart
Progress: Adding led_pio [altera_avalon_pio 18.1]
Progress: Parameterizing module led_pio
Progress: Adding onchip_mem [altera_avalon_onchip_memory2 18.1]
Progress: Parameterizing module onchip_mem
Progress: Adding sw_pio [altera_avalon_pio 18.1]
Progress: Parameterizing module sw_pio
Progress: Adding sys_clk_timer [altera_avalon_timer 18.1]
Progress: Parameterizing module sys_clk_timer
Progress: Adding sysid [altera_avalon_sysid_qsys 18.1]
Progress: Parameterizing module sysid
Progress: Building connections
Progress: Parameterizing connections
Progress: Validating
Progress: Done reading input file
Warning: first_nios2_system.cpu: Nios II Classic cores are no longer recommended for new projects
Info: first_nios2_system.jtag_uart: JTAG UART IP input clock need to be at least double (2x) the operating frequency of JTAG TCK on board
Info: first_nios2_system.sw_pio: PIO inputs are not hardwired in test bench. Undefined values will be read from PIO inputs during simulation.
Info: first_nios2_system.sysid: System ID is not assigned automatically. Edit the System ID parameter to provide a unique ID
Info: first_nios2_system.sysid: Time stamp will be automatically updated when this component is generated.
Info: first_nios2_system: Generating first_nios2_system "first_nios2_system" for QUARTUS_SYNTH
Info: cpu: Starting RTL generation for module 'first_nios2_system_cpu'
Info: cpu:   Generation command is [exec /opt/intel/18.1/quartus/linux64/eperlcmd -I /opt/intel/18.1/quartus/linux64/perl/lib -I /opt/intel/18.1/quartus/sopc_builder/bin/europa -I /opt/intel/18.1/quartus/sopc_builder/bin/perl_lib -I /opt/intel/18.1/quartus/sopc_builder/bin -I /opt/intel/18.1/quartus/../ip/altera/nios2_ip/altera_nios2/cpu_lib -I /opt/intel/18.1/quartus/../ip/altera/nios2_ip/altera_nios2/nios_lib -I /opt/intel/18.1/quartus/../ip/altera/nios2_ip/altera_nios2 -I /opt/intel/18.1/quartus/../ip/altera/nios2_ip/altera_nios2 -- /opt/intel/18.1/quartus/../ip/altera/nios2_ip/altera_nios2/generate_rtl.epl --name=first_nios2_system_cpu --dir=/tmp/alt8218_6596254698838227005.dir/0002_cpu_gen/ --quartus_bindir=/opt/intel/18.1/quartus/linux64 --verilog --config=/tmp/alt8218_6596254698838227005.dir/0002_cpu_gen//first_nios2_system_cpu_processor_configuration.pl  --do_build_sim=0  ]
Info: cpu: # 2019.11.18 13:58:49 (*) Starting Nios II generation
Info: cpu: # 2019.11.18 13:58:49 (*)   Checking for plaintext license.
Info: cpu: # 2019.11.18 13:58:49 (*)   Plaintext license not found.
Info: cpu: # 2019.11.18 13:58:49 (*)   Checking for encrypted license (non-evaluation).
Info: cpu: # 2019.11.18 13:58:50 (*)   Encrypted license found.  SOF will not be time-limited.
Info: cpu: # 2019.11.18 13:58:50 (*)   Elaborating CPU configuration settings
Info: cpu: # 2019.11.18 13:58:50 (*)   Creating all objects for CPU
Info: cpu: # 2019.11.18 13:58:50 (*)     Pipeline frontend
Info: cpu: # 2019.11.18 13:58:51 (*)   Generating RTL from CPU objects
Info: cpu: # 2019.11.18 13:58:52 (*)   Creating encrypted RTL
Info: cpu: # 2019.11.18 13:58:53 (*) Done Nios II generation
Info: cpu: Done RTL generation for module 'first_nios2_system_cpu'
Info: cpu: "first_nios2_system" instantiated altera_nios2_qsys "cpu"
Info: jtag_uart: Starting RTL generation for module 'first_nios2_system_jtag_uart'
Info: jtag_uart:   Generation command is [exec /opt/intel/18.1/quartus/linux64/perl/bin/perl -I /opt/intel/18.1/quartus/linux64/perl/lib -I /opt/intel/18.1/quartus/sopc_builder/bin/europa -I /opt/intel/18.1/quartus/sopc_builder/bin/perl_lib -I /opt/intel/18.1/quartus/sopc_builder/bin -I /opt/intel/18.1/quartus/../ip/altera/sopc_builder_ip/common -I /opt/intel/18.1/quartus/../ip/altera/sopc_builder_ip/altera_avalon_jtag_uart -- /opt/intel/18.1/quartus/../ip/altera/sopc_builder_ip/altera_avalon_jtag_uart/generate_rtl.pl --name=first_nios2_system_jtag_uart --dir=/tmp/alt8218_6596254698838227005.dir/0003_jtag_uart_gen/ --quartus_dir=/opt/intel/18.1/quartus --verilog --config=/tmp/alt8218_6596254698838227005.dir/0003_jtag_uart_gen//first_nios2_system_jtag_uart_component_configuration.pl  --do_build_sim=0  ]
Info: jtag_uart: Done RTL generation for module 'first_nios2_system_jtag_uart'
Info: jtag_uart: "first_nios2_system" instantiated altera_avalon_jtag_uart "jtag_uart"
Info: led_pio: Starting RTL generation for module 'first_nios2_system_led_pio'
Info: led_pio:   Generation command is [exec /opt/intel/18.1/quartus/linux64/perl/bin/perl -I /opt/intel/18.1/quartus/linux64/perl/lib -I /opt/intel/18.1/quartus/sopc_builder/bin/europa -I /opt/intel/18.1/quartus/sopc_builder/bin/perl_lib -I /opt/intel/18.1/quartus/sopc_builder/bin -I /opt/intel/18.1/quartus/../ip/altera/sopc_builder_ip/common -I /opt/intel/18.1/quartus/../ip/altera/sopc_builder_ip/altera_avalon_pio -- /opt/intel/18.1/quartus/../ip/altera/sopc_builder_ip/altera_avalon_pio/generate_rtl.pl --name=first_nios2_system_led_pio --dir=/tmp/alt8218_6596254698838227005.dir/0004_led_pio_gen/ --quartus_dir=/opt/intel/18.1/quartus --verilog --config=/tmp/alt8218_6596254698838227005.dir/0004_led_pio_gen//first_nios2_system_led_pio_component_configuration.pl  --do_build_sim=0  ]
Info: led_pio: Done RTL generation for module 'first_nios2_system_led_pio'
Info: led_pio: "first_nios2_system" instantiated altera_avalon_pio "led_pio"
Info: onchip_mem: Starting RTL generation for module 'first_nios2_system_onchip_mem'
Info: onchip_mem:   Generation command is [exec /opt/intel/18.1/quartus/linux64/perl/bin/perl -I /opt/intel/18.1/quartus/linux64/perl/lib -I /opt/intel/18.1/quartus/sopc_builder/bin/europa -I /opt/intel/18.1/quartus/sopc_builder/bin/perl_lib -I /opt/intel/18.1/quartus/sopc_builder/bin -I /opt/intel/18.1/quartus/../ip/altera/sopc_builder_ip/common -I /opt/intel/18.1/quartus/../ip/altera/sopc_builder_ip/altera_avalon_onchip_memory2 -- /opt/intel/18.1/quartus/../ip/altera/sopc_builder_ip/altera_avalon_onchip_memory2/generate_rtl.pl --name=first_nios2_system_onchip_mem --dir=/tmp/alt8218_6596254698838227005.dir/0005_onchip_mem_gen/ --quartus_dir=/opt/intel/18.1/quartus --verilog --config=/tmp/alt8218_6596254698838227005.dir/0005_onchip_mem_gen//first_nios2_system_onchip_mem_component_configuration.pl  --do_build_sim=0  ]
Info: onchip_mem: Done RTL generation for module 'first_nios2_system_onchip_mem'
Info: onchip_mem: "first_nios2_system" instantiated altera_avalon_onchip_memory2 "onchip_mem"
Info: sw_pio: Starting RTL generation for module 'first_nios2_system_sw_pio'
Info: sw_pio:   Generation command is [exec /opt/intel/18.1/quartus/linux64/perl/bin/perl -I /opt/intel/18.1/quartus/linux64/perl/lib -I /opt/intel/18.1/quartus/sopc_builder/bin/europa -I /opt/intel/18.1/quartus/sopc_builder/bin/perl_lib -I /opt/intel/18.1/quartus/sopc_builder/bin -I /opt/intel/18.1/quartus/../ip/altera/sopc_builder_ip/common -I /opt/intel/18.1/quartus/../ip/altera/sopc_builder_ip/altera_avalon_pio -- /opt/intel/18.1/quartus/../ip/altera/sopc_builder_ip/altera_avalon_pio/generate_rtl.pl --name=first_nios2_system_sw_pio --dir=/tmp/alt8218_6596254698838227005.dir/0006_sw_pio_gen/ --quartus_dir=/opt/intel/18.1/quartus --verilog --config=/tmp/alt8218_6596254698838227005.dir/0006_sw_pio_gen//first_nios2_system_sw_pio_component_configuration.pl  --do_build_sim=0  ]
Info: sw_pio: Done RTL generation for module 'first_nios2_system_sw_pio'
Info: sw_pio: "first_nios2_system" instantiated altera_avalon_pio "sw_pio"
Info: sys_clk_timer: Starting RTL generation for module 'first_nios2_system_sys_clk_timer'
Info: sys_clk_timer:   Generation command is [exec /opt/intel/18.1/quartus/linux64//perl/bin/perl -I /opt/intel/18.1/quartus/linux64//perl/lib -I /opt/intel/18.1/quartus/sopc_builder/bin/europa -I /opt/intel/18.1/quartus/sopc_builder/bin/perl_lib -I /opt/intel/18.1/quartus/sopc_builder/bin -I /opt/intel/18.1/quartus/../ip/altera/sopc_builder_ip/common -I /opt/intel/18.1/quartus/../ip/altera/sopc_builder_ip/altera_avalon_timer -- /opt/intel/18.1/quartus/../ip/altera/sopc_builder_ip/altera_avalon_timer/generate_rtl.pl --name=first_nios2_system_sys_clk_timer --dir=/tmp/alt8218_6596254698838227005.dir/0007_sys_clk_timer_gen/ --quartus_dir=/opt/intel/18.1/quartus --verilog --config=/tmp/alt8218_6596254698838227005.dir/0007_sys_clk_timer_gen//first_nios2_system_sys_clk_timer_component_configuration.pl  --do_build_sim=0  ]
Info: sys_clk_timer: Done RTL generation for module 'first_nios2_system_sys_clk_timer'
Info: sys_clk_timer: "first_nios2_system" instantiated altera_avalon_timer "sys_clk_timer"
Info: sysid: "first_nios2_system" instantiated altera_avalon_sysid_qsys "sysid"
Info: avalon_st_adapter: Inserting error_adapter: error_adapter_0
Info: avalon_st_adapter_001: Inserting error_adapter: error_adapter_0
Info: avalon_st_adapter_002: Inserting error_adapter: error_adapter_0
Info: avalon_st_adapter_003: Inserting error_adapter: error_adapter_0
Info: avalon_st_adapter_004: Inserting error_adapter: error_adapter_0
Info: avalon_st_adapter_005: Inserting error_adapter: error_adapter_0
Info: avalon_st_adapter_006: Inserting error_adapter: error_adapter_0
Info: mm_interconnect_0: "first_nios2_system" instantiated altera_mm_interconnect "mm_interconnect_0"
Info: irq_mapper: "first_nios2_system" instantiated altera_irq_mapper "irq_mapper"
Info: rst_controller: "first_nios2_system" instantiated altera_reset_controller "rst_controller"
Info: cpu_data_master_translator: "mm_interconnect_0" instantiated altera_merlin_master_translator "cpu_data_master_translator"
Info: jtag_uart_avalon_jtag_slave_translator: "mm_interconnect_0" instantiated altera_merlin_slave_translator "jtag_uart_avalon_jtag_slave_translator"
Info: cpu_data_master_agent: "mm_interconnect_0" instantiated altera_merlin_master_agent "cpu_data_master_agent"
Info: jtag_uart_avalon_jtag_slave_agent: "mm_interconnect_0" instantiated altera_merlin_slave_agent "jtag_uart_avalon_jtag_slave_agent"
Info: jtag_uart_avalon_jtag_slave_agent_rsp_fifo: "mm_interconnect_0" instantiated altera_avalon_sc_fifo "jtag_uart_avalon_jtag_slave_agent_rsp_fifo"
Info: router: "mm_interconnect_0" instantiated altera_merlin_router "router"
Info: router_001: "mm_interconnect_0" instantiated altera_merlin_router "router_001"
Info: router_002: "mm_interconnect_0" instantiated altera_merlin_router "router_002"
Info: router_004: "mm_interconnect_0" instantiated altera_merlin_router "router_004"
Info: cpu_instruction_master_limiter: "mm_interconnect_0" instantiated altera_merlin_traffic_limiter "cpu_instruction_master_limiter"
Info: Reusing file /media/sf_Data/IFSC/ownCloud/teaching/DLP2/src/niosII_hw_dev_tutorial_vhdl_aula/first_nios2_system/synthesis/submodules/altera_avalon_sc_fifo.v
Info: cmd_demux: "mm_interconnect_0" instantiated altera_merlin_demultiplexer "cmd_demux"
Info: cmd_demux_001: "mm_interconnect_0" instantiated altera_merlin_demultiplexer "cmd_demux_001"
Info: cmd_mux: "mm_interconnect_0" instantiated altera_merlin_multiplexer "cmd_mux"
Info: cmd_mux_002: "mm_interconnect_0" instantiated altera_merlin_multiplexer "cmd_mux_002"
Info: Reusing file /media/sf_Data/IFSC/ownCloud/teaching/DLP2/src/niosII_hw_dev_tutorial_vhdl_aula/first_nios2_system/synthesis/submodules/altera_merlin_arbitrator.sv
Info: rsp_demux: "mm_interconnect_0" instantiated altera_merlin_demultiplexer "rsp_demux"
Info: rsp_demux_002: "mm_interconnect_0" instantiated altera_merlin_demultiplexer "rsp_demux_002"
Info: rsp_mux: "mm_interconnect_0" instantiated altera_merlin_multiplexer "rsp_mux"
Info: Reusing file /media/sf_Data/IFSC/ownCloud/teaching/DLP2/src/niosII_hw_dev_tutorial_vhdl_aula/first_nios2_system/synthesis/submodules/altera_merlin_arbitrator.sv
Info: rsp_mux_001: "mm_interconnect_0" instantiated altera_merlin_multiplexer "rsp_mux_001"
Info: Reusing file /media/sf_Data/IFSC/ownCloud/teaching/DLP2/src/niosII_hw_dev_tutorial_vhdl_aula/first_nios2_system/synthesis/submodules/altera_merlin_arbitrator.sv
Info: avalon_st_adapter: "mm_interconnect_0" instantiated altera_avalon_st_adapter "avalon_st_adapter"
Info: error_adapter_0: "avalon_st_adapter" instantiated error_adapter "error_adapter_0"
Info: first_nios2_system: Done "first_nios2_system" with 31 modules, 49 files
Info: qsys-generate succeeded.
Info: Finished: Create HDL design files for synthesis
